<?xml version="1.0" encoding="utf-8"?><testsuites name="pytest tests"><testsuite name="pytest" errors="0" failures="0" skipped="0" tests="30" time="6.734" timestamp="2026-07-03T06:54:15.696493+00:00" hostname="agent-env-1dde19b2-3803-4630-9aa6-b6a7134d87db"><testcase classname="tests.backend_test.TestAuth" name="test_login_commander" time="0.598" /><testcase classname="tests.backend_test.TestUsersAdmin" name="test_list_users_commander" time="0.650" /><testcase classname="tests.backend_test.TestAuth" name="test_login_pilot" time="0.355" /><testcase classname="tests.backend_test.TestAuth" name="test_login_observer" time="0.483" /><testcase classname="tests.backend_test.TestUsersAdmin" name="test_list_users_pilot_forbidden" time="0.784" /><testcase classname="tests.backend_test.TestAuth" name="test_login_wrong_password" time="0.358" /><testcase classname="tests.backend_test.TestUsersAdmin" name="test_list_users_observer_forbidden" time="0.412" /><testcase classname="tests.backend_test.TestAuth" name="test_me_without_cookie" time="0.168" /><testcase classname="tests.backend_test.TestUsersAdmin" name="test_patch_role_pilot_forbidden" time="0.112" /><testcase classname="tests.backend_test.TestUsersAdmin" name="test_delete_self_forbidden" time="0.113" /><testcase classname="tests.backend_test.TestUsersAdmin" name="test_delete_user_by_commander" time="1.369" /><testcase classname="tests.backend_test.TestAuth" name="test_me_with_cookie" time="0.603" /><testcase classname="tests.backend_test.TestAuth" name="test_logout_clears_cookies" time="0.823" /><testcase classname="tests.backend_test.TestRegistration" name="test_public_register_observer" time="0.536" /><testcase classname="tests.backend_test.TestTelemetryAndSOS" name="test_telemetry_as_pilot" time="0.588" /><testcase classname="tests.backend_test.TestRegistration" name="test_public_register_pilot_forbidden" time="0.127" /><testcase classname="tests.backend_test.TestRegistration" name="test_public_register_commander_forbidden" time="0.253" /><testcase classname="tests.backend_test.TestTelemetryAndSOS" name="test_telemetry_as_observer_forbidden" time="0.436" /><testcase classname="tests.backend_test.TestRegistration" name="test_commander_can_create_pilot" time="0.628" /><testcase classname="tests.backend_test.TestTelemetryAndSOS" name="test_sos_any_authenticated" time="0.351" /><testcase classname="tests.backend_test.TestTelemetryAndSOS" name="test_sos_ack_observer_forbidden" time="0.277" /><testcase classname="tests.backend_test.TestRegistration" name="test_pilot_cannot_create_pilot" time="0.052" /><testcase classname="tests.backend_test.TestMissions" name="test_create_mission_as_pilot" time="0.054" /><testcase classname="tests.backend_test.TestTelemetryAndSOS" name="test_sos_ack_commander_ok" time="0.109" /><testcase classname="tests.backend_test.TestMissions" name="test_create_mission_as_observer_forbidden" time="0.054" /><testcase classname="tests.backend_test.TestMissions" name="test_delete_mission_pilot_forbidden" time="0.104" /><testcase classname="tests.backend_test.TestHealth" name="test_health" time="0.142" /><testcase classname="tests.backend_test.TestMissions" name="test_delete_mission_commander_ok" time="0.492" /><testcase classname="tests.backend_test.TestDroneAdapters" name="test_adapters_list" time="0.055" /><testcase classname="tests.backend_test.TestBruteForce" name="test_lockout_after_5_failed" time="0.466" /></testsuite></testsuites>